<?xml version="1.0" encoding="UTF-8"?>
<!-- Generated by org.testng.reporters.JUnitReportReporter -->
<testsuite hostname="DESKTOP-MNI71QO" failures="0" tests="1" name="TestXpath" time="15.361" errors="0" timestamp="2023-08-10T18:18:26 IST" skipped="0">
  <testcase classname="TestXpath" name="main1" time="15.361"/>
  <system-out/>
</testsuite> <!-- TestXpath -->
