<?xml version="1.0" encoding="UTF-8"?>
<!-- Generated by org.testng.reporters.JUnitReportReporter -->
<testsuite hostname="DESKTOP-MNI71QO" failures="0" tests="4" name="Regression.TC002" time="1.206" errors="0" timestamp="2023-09-05T09:28:44 IST" skipped="0">
  <testcase classname="Regression.TC002" name="logtest" time="0.954"/>
  <system-out/>
  <testcase classname="Regression.TC002" name="logtest2" time="0.081"/>
  <system-out/>
  <testcase classname="Regression.TC002" name="logtest3" time="0.085"/>
  <system-out/>
  <testcase classname="Regression.TC002" name="logtest4" time="0.086"/>
  <system-out/>
</testsuite> <!-- Regression.TC002 -->
