<?xml version="1.0" encoding="UTF-8"?>
<!-- Generated by org.testng.reporters.JUnitReportReporter -->
<testsuite hostname="DESKTOP-MNI71QO" failures="0" tests="4" name="SmokeTest.TC002" time="0.496" errors="0" timestamp="2023-09-05T09:27:48 IST" skipped="0">
  <testcase classname="SmokeTest.TC002" name="logtest3" time="0.080"/>
  <system-out/>
  <testcase classname="SmokeTest.TC002" name="logtest" time="0.227"/>
  <system-out/>
  <testcase classname="SmokeTest.TC002" name="logtest4" time="0.077"/>
  <system-out/>
  <testcase classname="SmokeTest.TC002" name="logtest2" time="0.112"/>
  <system-out/>
</testsuite> <!-- SmokeTest.TC002 -->
