<?xml version="1.0" encoding="UTF-8"?>
<!-- Generated by org.testng.reporters.JUnitReportReporter -->
<testsuite hostname="DESKTOP-MNI71QO" failures="0" tests="1" name="Regression.DropDownValuesSortTest" time="7.339" errors="0" timestamp="2024-01-03T17:50:51 IST" skipped="0">
  <testcase classname="Regression.DropDownValuesSortTest" name="verifyOptionValuesStatus" time="7.339"/>
  <system-out/>
</testsuite> <!-- Regression.DropDownValuesSortTest -->
