<?xml version="1.0" encoding="UTF-8"?>
<!-- Generated by org.testng.reporters.JUnitReportReporter -->
<testsuite hostname="CS-AUTO-15" failures="0" tests="4" name="TC002" time="0.430" errors="0" timestamp="2022-12-22T15:07:00 IST" skipped="0">
  <testcase classname="TC002" name="logtest2" time="0.016"/>
  <system-out/>
  <testcase classname="TC002" name="logtest" time="0.357"/>
  <system-out/>
  <testcase classname="TC002" name="logtest3" time="0.042"/>
  <system-out/>
  <testcase classname="TC002" name="logtest4" time="0.015"/>
  <system-out/>
</testsuite> <!-- TC002 -->
