<?xml version="1.0" encoding="UTF-8"?>
<!-- Generated by org.testng.reporters.JUnitReportReporter -->
<testsuite hostname="DESKTOP-MNI71QO" failures="0" tests="1" name="Regression.AllLinkTestsOnPage" time="8.424" errors="0" timestamp="2023-11-28T16:00:39 IST" skipped="0">
  <testcase classname="Regression.AllLinkTestsOnPage" name="Linkstest" time="8.424"/>
  <system-out/>
</testsuite> <!-- Regression.AllLinkTestsOnPage -->
