<?xml version="1.0" encoding="UTF-8"?>
<!-- Generated by org.testng.reporters.JUnitReportReporter -->
<testsuite hostname="DESKTOP-MNI71QO" failures="0" tests="1" name="Regression.LinkTest" time="6.922" errors="0" timestamp="2023-11-26T10:16:52 IST" skipped="0">
  <testcase classname="Regression.LinkTest" name="TestResistraion" time="6.922"/>
  <system-out/>
</testsuite> <!-- Regression.LinkTest -->
