<?xml version="1.0" encoding="UTF-8"?>
<!-- Generated by org.testng.reporters.JUnitReportReporter -->
<testsuite hostname="DESKTOP-MNI71QO" failures="0" tests="3" name="Regression.TestNGExecutionOrderTest" time="0.029" errors="0" timestamp="2023-11-27T12:05:33 IST" skipped="0">
  <testcase classname="Regression.TestNGExecutionOrderTest" name="grapes" time="0.017"/>
  <system-out/>
  <testcase classname="Regression.TestNGExecutionOrderTest" name="mango" time="0.004"/>
  <system-out/>
  <testcase classname="Regression.TestNGExecutionOrderTest" name="apple" time="0.008"/>
  <system-out/>
</testsuite> <!-- Regression.TestNGExecutionOrderTest -->
