<?xml version="1.0" encoding="UTF-8"?>
<!-- Generated by org.testng.reporters.JUnitReportReporter -->
<testsuite hostname="DESKTOP-MNI71QO" failures="0" tests="1" name="Regression.CapitalCountryTest" time="12.737" errors="0" timestamp="2023-12-21T22:21:50 IST" skipped="0">
  <testcase classname="Regression.CapitalCountryTest" name="capitalTest" time="12.737"/>
  <system-out/>
</testsuite> <!-- Regression.CapitalCountryTest -->
