<?xml version="1.0" encoding="UTF-8"?>
<!-- Generated by org.testng.reporters.JUnitReportReporter -->
<testsuite hostname="CS-AUTO-15" failures="0" tests="1" name="Regression.TC001" time="0.020" errors="0" timestamp="2022-12-23T13:26:02 IST" skipped="0">
  <testcase classname="Regression.TC001" name="test" time="0.020"/>
  <system-out/>
</testsuite> <!-- Regression.TC001 -->
