<?xml version="1.0" encoding="UTF-8"?>
<!-- Generated by org.testng.reporters.JUnitReportReporter -->
<testsuite hostname="DESKTOP-MNI71QO" failures="0" tests="1" name="Regression.AllLinkTestsOnPage" time="3.862" errors="0" timestamp="2023-12-02T22:15:38 IST" skipped="0">
  <testcase classname="Regression.AllLinkTestsOnPage" name="Linkstest" time="3.862"/>
  <system-out/>
</testsuite> <!-- Regression.AllLinkTestsOnPage -->
