<?xml version="1.0" encoding="UTF-8"?>
<!-- Generated by org.testng.reporters.JUnitReportReporter -->
<testsuite hostname="DESKTOP-MNI71QO" failures="0" tests="2" name="Regression.TestXpath" time="4.559" errors="0" timestamp="2023-11-04T19:41:41 IST" skipped="0">
  <testcase classname="Regression.TestXpath" name="login" time="4.235"/>
  <system-out/>
  <testcase classname="Regression.TestXpath" name="VerifyLoginError" time="0.324"/>
  <system-out/>
</testsuite> <!-- Regression.TestXpath -->
