<?xml version="1.0" encoding="UTF-8"?>
<!-- Generated by org.testng.reporters.JUnitReportReporter -->
<testsuite hostname="DESKTOP-MNI71QO" failures="0" tests="2" name="Regression.TestXpath" time="11.452" errors="0" timestamp="2023-10-02T09:52:53 IST" skipped="0">
  <testcase classname="Regression.TestXpath" name="login" time="9.086"/>
  <system-out/>
  <testcase classname="Regression.TestXpath" name="VerifyLoginError" time="2.366"/>
  <system-out/>
</testsuite> <!-- Regression.TestXpath -->
