<?xml version="1.0" encoding="UTF-8"?>
<!-- Generated by org.testng.reporters.JUnitReportReporter -->
<testsuite hostname="DESKTOP-MNI71QO" failures="0" tests="2" name="Regression.TestXpath" time="7.906" errors="0" timestamp="2023-12-02T21:52:01 IST" skipped="0">
  <testcase classname="Regression.TestXpath" name="login" time="6.004"/>
  <system-out/>
  <testcase classname="Regression.TestXpath" name="VerifyLoginError" time="1.902"/>
  <system-out/>
</testsuite> <!-- Regression.TestXpath -->
