<?xml version="1.0" encoding="UTF-8"?>
<!-- Generated by org.testng.reporters.JUnitReportReporter -->
<testsuite hostname="DESKTOP-MNI71QO" failures="0" tests="5" name="Regression.TC002" time="0.038" errors="0" timestamp="2023-10-01T12:19:33 IST" skipped="0">
  <testcase classname="Regression.TC002" name="logtest5" time="0.003"/>
  <system-out/>
  <testcase classname="Regression.TC002" name="logtest4" time="0.005"/>
  <system-out/>
  <testcase classname="Regression.TC002" name="logtest3" time="0.003"/>
  <system-out/>
  <testcase classname="Regression.TC002" name="logtest" time="0.026"/>
  <system-out/>
  <testcase classname="Regression.TC002" name="logtest2" time="0.001"/>
  <system-out/>
</testsuite> <!-- Regression.TC002 -->
