<?xml version="1.0" encoding="UTF-8"?>
<!-- Generated by org.testng.reporters.JUnitReportReporter -->
<testsuite hostname="DESKTOP-MNI71QO" failures="0" tests="1" name="Regression.AllLinkTestsOnPage" time="25.162" errors="0" timestamp="2024-02-01T17:38:02 IST" skipped="0">
  <testcase classname="Regression.AllLinkTestsOnPage" name="Linkstest" time="25.162"/>
  <system-out/>
</testsuite> <!-- Regression.AllLinkTestsOnPage -->
