<?xml version="1.0" encoding="UTF-8"?>
<!-- Generated by org.testng.reporters.JUnitReportReporter -->
<testsuite hostname="DESKTOP-MNI71QO" failures="0" tests="2" name="Regression.TestXpath" time="16.331" errors="0" timestamp="2023-10-01T12:54:56 IST" skipped="0">
  <testcase classname="Regression.TestXpath" name="login" time="11.890"/>
  <system-out/>
  <testcase classname="Regression.TestXpath" name="VerifyLoginError" time="4.441"/>
  <system-out/>
</testsuite> <!-- Regression.TestXpath -->
