<?xml version="1.0" encoding="UTF-8"?>
<!-- Generated by org.testng.reporters.JUnitReportReporter -->
<testsuite hostname="DESKTOP-MNI71QO" failures="0" tests="5" name="Regression.TC002" time="0.114" errors="0" timestamp="2023-09-22T18:09:30 IST" skipped="0">
  <testcase classname="Regression.TC002" name="logtest5" time="0.011"/>
  <system-out/>
  <testcase classname="Regression.TC002" name="logtest2" time="0.013"/>
  <system-out/>
  <testcase classname="Regression.TC002" name="logtest4" time="0.014"/>
  <system-out/>
  <testcase classname="Regression.TC002" name="logtest3" time="0.015"/>
  <system-out/>
  <testcase classname="Regression.TC002" name="logtest" time="0.061"/>
  <system-out/>
</testsuite> <!-- Regression.TC002 -->
