<?xml version="1.0" encoding="UTF-8"?>
<!-- Generated by org.testng.reporters.JUnitReportReporter -->
<testsuite hostname="DESKTOP-MNI71QO" failures="0" tests="1" name="Regression.NewUserRegistration" time="11.198" errors="0" timestamp="2023-11-28T16:16:02 IST" skipped="0">
  <testcase classname="Regression.NewUserRegistration" name="TestResistraion" time="11.198"/>
  <system-out/>
</testsuite> <!-- Regression.NewUserRegistration -->
