<?xml version="1.0" encoding="UTF-8"?>
<!-- Generated by org.testng.reporters.JUnitReportReporter -->
<testsuite hostname="DESKTOP-MNI71QO" failures="0" tests="5" name="Regression.TC002" time="0.082" errors="0" timestamp="2023-10-02T09:46:03 IST" skipped="0">
  <testcase classname="Regression.TC002" name="logtest2" time="0.005"/>
  <system-out/>
  <testcase classname="Regression.TC002" name="logtest5" time="0.005"/>
  <system-out/>
  <testcase classname="Regression.TC002" name="logtest" time="0.060"/>
  <system-out/>
  <testcase classname="Regression.TC002" name="logtest3" time="0.007"/>
  <system-out/>
  <testcase classname="Regression.TC002" name="logtest4" time="0.005"/>
  <system-out/>
</testsuite> <!-- Regression.TC002 -->
