<?xml version="1.0" encoding="UTF-8"?>
<!-- Generated by org.testng.reporters.JUnitReportReporter -->
<testsuite hostname="DESKTOP-MNI71QO" failures="0" tests="4" name="SmokeTest.TC002" time="0.338" errors="0" timestamp="2024-02-02T12:44:33 IST" skipped="0">
  <testcase classname="SmokeTest.TC002" name="logtest" time="0.232"/>
  <system-out/>
  <testcase classname="SmokeTest.TC002" name="logtest3" time="0.033"/>
  <system-out/>
  <testcase classname="SmokeTest.TC002" name="logtest4" time="0.038"/>
  <system-out/>
  <testcase classname="SmokeTest.TC002" name="logtest2" time="0.035"/>
  <system-out/>
</testsuite> <!-- SmokeTest.TC002 -->
