<?xml version="1.0" encoding="UTF-8"?>
<!-- Generated by org.testng.reporters.JUnitReportReporter -->
<testsuite hostname="DESKTOP-MNI71QO" failures="0" tests="5" name="Regression.TC002" time="0.077" errors="0" timestamp="2024-02-01T17:38:02 IST" skipped="0">
  <testcase classname="Regression.TC002" name="logtest5" time="0.002"/>
  <system-out/>
  <testcase classname="Regression.TC002" name="logtest3" time="0.004"/>
  <system-out/>
  <testcase classname="Regression.TC002" name="logtest2" time="0.003"/>
  <system-out/>
  <testcase classname="Regression.TC002" name="logtest" time="0.065"/>
  <system-out/>
  <testcase classname="Regression.TC002" name="logtest4" time="0.003"/>
  <system-out/>
</testsuite> <!-- Regression.TC002 -->
