<?xml version="1.0" encoding="UTF-8"?>
<!-- Generated by org.testng.reporters.JUnitReportReporter -->
<testsuite hostname="DESKTOP-MNI71QO" failures="0" tests="2" name="Regression.TestXpath" time="14.419" errors="0" timestamp="2023-10-02T09:46:03 IST" skipped="0">
  <testcase classname="Regression.TestXpath" name="login" time="9.620"/>
  <system-out/>
  <testcase classname="Regression.TestXpath" name="VerifyLoginError" time="4.799"/>
  <system-out/>
</testsuite> <!-- Regression.TestXpath -->
