<?xml version="1.0" encoding="UTF-8"?>
<!-- Generated by org.testng.reporters.JUnitReportReporter -->
<testsuite hostname="DESKTOP-MNI71QO" failures="0" tests="2" name="Regression.TestXpath" time="8.417" errors="0" timestamp="2023-09-22T18:09:30 IST" skipped="0">
  <testcase classname="Regression.TestXpath" name="login" time="6.034"/>
  <system-out/>
  <testcase classname="Regression.TestXpath" name="VerifyLoginError" time="2.383"/>
  <system-out/>
</testsuite> <!-- Regression.TestXpath -->
