<?xml version="1.0" encoding="UTF-8"?>
<!-- Generated by org.testng.reporters.JUnitReportReporter -->
<testsuite hostname="DESKTOP-MNI71QO" failures="0" tests="2" name="Regression.TestXpath" time="3.507" errors="0" timestamp="2023-11-28T16:16:03 IST" skipped="0">
  <testcase classname="Regression.TestXpath" name="login" time="3.102"/>
  <system-out/>
  <testcase classname="Regression.TestXpath" name="VerifyLoginError" time="0.405"/>
  <system-out/>
</testsuite> <!-- Regression.TestXpath -->
