<?xml version="1.0" encoding="UTF-8"?>
<!-- Generated by org.testng.reporters.JUnitReportReporter -->
<testsuite hostname="DESKTOP-MNI71QO" failures="0" tests="1" name="SmokeTest.TestXpath" time="18.006" errors="0" timestamp="2023-09-22T18:09:30 IST" skipped="0">
  <testcase classname="SmokeTest.TestXpath" name="main1" time="18.006"/>
  <system-out/>
</testsuite> <!-- SmokeTest.TestXpath -->
