<?xml version="1.0" encoding="UTF-8"?>
<!-- Generated by org.testng.reporters.JUnitReportReporter -->
<testsuite hostname="DESKTOP-MNI71QO" failures="0" tests="1" name="SmokeTest.TestXpath" time="14.518" errors="0" timestamp="2023-10-01T18:42:38 IST" skipped="0">
  <testcase classname="SmokeTest.TestXpath" name="main1" time="14.518"/>
  <system-out/>
</testsuite> <!-- SmokeTest.TestXpath -->
