<?xml version="1.0" encoding="UTF-8"?>
<!-- Generated by org.testng.reporters.JUnitReportReporter -->
<testsuite hostname="DESKTOP-MNI71QO" failures="0" tests="4" name="SmokeTest.TC002" time="0.226" errors="0" timestamp="2023-10-01T18:42:38 IST" skipped="0">
  <testcase classname="SmokeTest.TC002" name="logtest3" time="0.027"/>
  <system-out/>
  <testcase classname="SmokeTest.TC002" name="logtest" time="0.143"/>
  <system-out/>
  <testcase classname="SmokeTest.TC002" name="logtest4" time="0.033"/>
  <system-out/>
  <testcase classname="SmokeTest.TC002" name="logtest2" time="0.023"/>
  <system-out/>
</testsuite> <!-- SmokeTest.TC002 -->
