<?xml version="1.0" encoding="UTF-8"?>
<!-- Generated by org.testng.reporters.JUnitReportReporter -->
<testsuite hostname="DESKTOP-MNI71QO" failures="0" tests="1" name="Regression.AllLinkTestsOnPage" time="4.185" errors="0" timestamp="2023-12-03T17:24:48 IST" skipped="0">
  <testcase classname="Regression.AllLinkTestsOnPage" name="Linkstest" time="4.185"/>
  <system-out/>
</testsuite> <!-- Regression.AllLinkTestsOnPage -->
