<?xml version="1.0" encoding="UTF-8"?>
<!-- Generated by org.testng.reporters.JUnitReportReporter -->
<testsuite hostname="DESKTOP-MNI71QO" failures="0" tests="1" name="SmokeTest.TestXpath" time="23.312" errors="0" timestamp="2024-02-01T17:38:02 IST" skipped="0">
  <testcase classname="SmokeTest.TestXpath" name="main1" time="23.312"/>
  <system-out/>
</testsuite> <!-- SmokeTest.TestXpath -->
