<?xml version="1.0" encoding="UTF-8"?>
<!-- Generated by org.testng.reporters.JUnitReportReporter -->
<testsuite hostname="DESKTOP-MNI71QO" failures="0" tests="1" name="Regression.AllLinkTestsOnPage" time="7.387" errors="0" timestamp="2024-02-02T12:44:33 IST" skipped="0">
  <testcase classname="Regression.AllLinkTestsOnPage" name="Linkstest" time="7.387"/>
  <system-out/>
</testsuite> <!-- Regression.AllLinkTestsOnPage -->
