<?xml version="1.0" encoding="UTF-8"?>
<!-- Generated by org.testng.reporters.JUnitReportReporter -->
<testsuite hostname="DESKTOP-MNI71QO" failures="0" tests="2" name="Regression.TestXpath" time="6.279" errors="0" timestamp="2024-02-01T17:38:02 IST" skipped="0">
  <testcase classname="Regression.TestXpath" name="login" time="5.582"/>
  <system-out/>
  <testcase classname="Regression.TestXpath" name="VerifyLoginError" time="0.697"/>
  <system-out/>
</testsuite> <!-- Regression.TestXpath -->
