<?xml version="1.0" encoding="UTF-8"?>
<!-- Generated by org.testng.reporters.JUnitReportReporter -->
<testsuite hostname="DESKTOP-MNI71QO" failures="0" tests="2" name="Regression.TestXpath" time="7.879" errors="0" timestamp="2024-02-02T12:44:33 IST" skipped="0">
  <testcase classname="Regression.TestXpath" name="login" time="7.307"/>
  <system-out/>
  <testcase classname="Regression.TestXpath" name="VerifyLoginError" time="0.572"/>
  <system-out/>
</testsuite> <!-- Regression.TestXpath -->
