<?xml version="1.0" encoding="UTF-8"?>
<!-- Generated by org.testng.reporters.JUnitReportReporter -->
<testsuite hostname="DESKTOP-MNI71QO" failures="0" tests="4" name="SmokeTest.TC002" time="0.258" errors="0" timestamp="2023-10-01T12:19:33 IST" skipped="0">
  <testcase classname="SmokeTest.TC002" name="logtest" time="0.165"/>
  <system-out/>
  <testcase classname="SmokeTest.TC002" name="logtest3" time="0.037"/>
  <system-out/>
  <testcase classname="SmokeTest.TC002" name="logtest2" time="0.020"/>
  <system-out/>
  <testcase classname="SmokeTest.TC002" name="logtest4" time="0.036"/>
  <system-out/>
</testsuite> <!-- SmokeTest.TC002 -->
