<?xml version="1.0" encoding="UTF-8"?>
<!-- Generated by org.testng.reporters.JUnitReportReporter -->
<testsuite hostname="DESKTOP-MNI71QO" failures="0" tests="1" name="Regression.NewUserRegistration" time="11.719" errors="0" timestamp="2023-12-03T17:24:48 IST" skipped="0">
  <testcase classname="Regression.NewUserRegistration" name="TestResistraion" time="11.719"/>
  <system-out/>
</testsuite> <!-- Regression.NewUserRegistration -->
