<?xml version="1.0" encoding="UTF-8"?>
<!-- Generated by org.testng.reporters.JUnitReportReporter -->
<testsuite hostname="DESKTOP-MNI71QO" failures="0" tests="2" name="Regression.TestXpath" time="3.460" errors="0" timestamp="2023-12-03T17:24:48 IST" skipped="0">
  <testcase classname="Regression.TestXpath" name="login" time="2.989"/>
  <system-out/>
  <testcase classname="Regression.TestXpath" name="VerifyLoginError" time="0.471"/>
  <system-out/>
</testsuite> <!-- Regression.TestXpath -->
