<?xml version="1.0" encoding="UTF-8"?>
<!-- Generated by org.testng.reporters.JUnitReportReporter -->
<testsuite hostname="DESKTOP-MNI71QO" failures="0" tests="4" name="SmokeTest.TC002" time="1.089" errors="0" timestamp="2023-09-22T18:09:30 IST" skipped="0">
  <testcase classname="SmokeTest.TC002" name="logtest" time="0.478"/>
  <system-out/>
  <testcase classname="SmokeTest.TC002" name="logtest3" time="0.331"/>
  <system-out/>
  <testcase classname="SmokeTest.TC002" name="logtest2" time="0.057"/>
  <system-out/>
  <testcase classname="SmokeTest.TC002" name="logtest4" time="0.223"/>
  <system-out/>
</testsuite> <!-- SmokeTest.TC002 -->
