<?xml version="1.0" encoding="UTF-8"?>
<!-- Generated by org.testng.reporters.JUnitReportReporter -->
<testsuite hostname="DESKTOP-MNI71QO" failures="0" tests="1" name="SmokeTest.TestXpath" time="16.645" errors="0" timestamp="2023-11-28T22:32:31 IST" skipped="0">
  <testcase classname="SmokeTest.TestXpath" name="main1" time="16.645"/>
  <system-out/>
</testsuite> <!-- SmokeTest.TestXpath -->
