<?xml version="1.0" encoding="UTF-8"?>
<!-- Generated by org.testng.reporters.JUnitReportReporter -->
<testsuite hostname="DESKTOP-MNI71QO" failures="0" tests="2" name="Regression.TestXpath" time="7.769" errors="0" timestamp="2023-11-28T22:32:31 IST" skipped="0">
  <testcase classname="Regression.TestXpath" name="login" time="6.805"/>
  <system-out/>
  <testcase classname="Regression.TestXpath" name="VerifyLoginError" time="0.964"/>
  <system-out/>
</testsuite> <!-- Regression.TestXpath -->
