<?xml version="1.0" encoding="UTF-8"?>
<!-- Generated by org.testng.reporters.JUnitReportReporter -->
<testsuite hostname="DESKTOP-MNI71QO" failures="0" tests="1" name="SmokeTest.TestXpath" time="15.419" errors="0" timestamp="2023-12-03T17:24:48 IST" skipped="0">
  <testcase classname="SmokeTest.TestXpath" name="main1" time="15.419"/>
  <system-out/>
</testsuite> <!-- SmokeTest.TestXpath -->
