<?xml version="1.0" encoding="UTF-8"?>
<!-- Generated by org.testng.reporters.JUnitReportReporter -->
<testsuite hostname="DESKTOP-MNI71QO" failures="0" tests="4" name="SmokeTest.TC002" time="1.097" errors="0" timestamp="2023-10-02T09:46:03 IST" skipped="0">
  <testcase classname="SmokeTest.TC002" name="logtest2" time="0.099"/>
  <system-out/>
  <testcase classname="SmokeTest.TC002" name="logtest4" time="0.182"/>
  <system-out/>
  <testcase classname="SmokeTest.TC002" name="logtest3" time="0.104"/>
  <system-out/>
  <testcase classname="SmokeTest.TC002" name="logtest" time="0.712"/>
  <system-out/>
</testsuite> <!-- SmokeTest.TC002 -->
